INFO: [VRFC 10-163] Analyzing VHDL file "C:/Users/Equipo/Desktop/mc2101/MC2101 VIVADO/MC2101 VIVADO.srcs/sources_1/new/Constants.vhd" into library xil_defaultlib
INFO: [VRFC 10-163] Analyzing VHDL file "C:/Users/Equipo/Desktop/mc2101/MC2101 VIVADO/MC2101 VIVADO.srcs/sources_1/imports/mc2101/ips/aftab/aftab_datapath/aftab_register.vhd" into library xil_defaultlib
INFO: [VRFC 10-3107] analyzing entity 'aftab_register'
INFO: [VRFC 10-163] Analyzing VHDL file "C:/Users/Equipo/Desktop/mc2101/MC2101 VIVADO/MC2101 VIVADO.srcs/sources_1/imports/mc2101/ips/aftab/aftab_datapath/aftab_aau/aftab_shift_register.vhd" into library xil_defaultlib
INFO: [VRFC 10-3107] analyzing entity 'aftab_shift_register'
INFO: [VRFC 10-163] Analyzing VHDL file "C:/Users/Equipo/Desktop/mc2101/MC2101 VIVADO/MC2101 VIVADO.srcs/sources_1/imports/mc2101/ips/aftab/aftab_datapath/aftab_adder.vhd" into library xil_defaultlib
INFO: [VRFC 10-3107] analyzing entity 'aftab_adder'
INFO: [VRFC 10-163] Analyzing VHDL file "C:/Users/Equipo/Desktop/mc2101/MC2101 VIVADO/MC2101 VIVADO.srcs/sources_1/imports/mc2101/ips/aftab/aftab_datapath/aftab_adder_subtractor.vhd" into library xil_defaultlib
INFO: [VRFC 10-3107] analyzing entity 'aftab_adder_subtractor'
INFO: [VRFC 10-163] Analyzing VHDL file "C:/Users/Equipo/Desktop/mc2101/MC2101 VIVADO/MC2101 VIVADO.srcs/sources_1/imports/mc2101/ips/aftab/aftab_datapath/aftab_aau/aftab_booth_multiplier/aftab_booth_multiplier_datapath.vhd" into library xil_defaultlib
INFO: [VRFC 10-3107] analyzing entity 'aftab_booth_multiplier_datapath'
INFO: [VRFC 10-163] Analyzing VHDL file "C:/Users/Equipo/Desktop/mc2101/MC2101 VIVADO/MC2101 VIVADO.srcs/sources_1/imports/mc2101/ips/aftab/aftab_datapath/aftab_counter.vhd" into library xil_defaultlib
INFO: [VRFC 10-3107] analyzing entity 'aftab_counter'
INFO: [VRFC 10-163] Analyzing VHDL file "C:/Users/Equipo/Desktop/mc2101/MC2101 VIVADO/MC2101 VIVADO.srcs/sources_1/imports/mc2101/ips/aftab/aftab_datapath/aftab_aau/aftab_booth_multiplier/aftab_booth_multiplier_controller.vhd" into library xil_defaultlib
INFO: [VRFC 10-3107] analyzing entity 'aftab_booth_multiplier_controller'
INFO: [VRFC 10-163] Analyzing VHDL file "C:/Users/Equipo/Desktop/mc2101/MC2101 VIVADO/MC2101 VIVADO.srcs/sources_1/imports/mc2101/ips/aftab/aftab_datapath/aftab_aau/aftab_booth_multiplier/aftab_booth_multiplier.vhd" into library xil_defaultlib
INFO: [VRFC 10-3107] analyzing entity 'aftab_booth_multiplier'
INFO: [VRFC 10-163] Analyzing VHDL file "C:/Users/Equipo/Desktop/mc2101/MC2101 VIVADO/MC2101 VIVADO.srcs/sources_1/imports/mc2101/ips/aftab/aftab_datapath/aftab_aau/aftab_su_divider/aftab_tcl.vhd" into library xil_defaultlib
INFO: [VRFC 10-3107] analyzing entity 'aftab_tcl'
INFO: [VRFC 10-163] Analyzing VHDL file "C:/Users/Equipo/Desktop/mc2101/MC2101 VIVADO/MC2101 VIVADO.srcs/sources_1/imports/mc2101/ips/aftab/aftab_datapath/aftab_multiplexer.vhd" into library xil_defaultlib
INFO: [VRFC 10-3107] analyzing entity 'aftab_multiplexer'
INFO: [VRFC 10-163] Analyzing VHDL file "C:/Users/Equipo/Desktop/mc2101/MC2101 VIVADO/MC2101 VIVADO.srcs/sources_1/imports/mc2101/ips/aftab/aftab_datapath/aftab_aau/aftab_su_divider/aftab_divider_datapath.vhd" into library xil_defaultlib
INFO: [VRFC 10-3107] analyzing entity 'aftab_divider_datapath'
INFO: [VRFC 10-163] Analyzing VHDL file "C:/Users/Equipo/Desktop/mc2101/MC2101 VIVADO/MC2101 VIVADO.srcs/sources_1/imports/mc2101/ips/aftab/aftab_datapath/aftab_aau/aftab_su_divider/aftab_divider_controller.vhd" into library xil_defaultlib
INFO: [VRFC 10-3107] analyzing entity 'aftab_divider_controller'
INFO: [VRFC 10-163] Analyzing VHDL file "C:/Users/Equipo/Desktop/mc2101/MC2101 VIVADO/MC2101 VIVADO.srcs/sources_1/imports/mc2101/ips/aftab/aftab_datapath/aftab_aau/aftab_su_divider/aftab_divider.vhd" into library xil_defaultlib
INFO: [VRFC 10-3107] analyzing entity 'aftab_divider'
INFO: [VRFC 10-163] Analyzing VHDL file "C:/Users/Equipo/Desktop/mc2101/MC2101 VIVADO/MC2101 VIVADO.srcs/sources_1/imports/mc2101/ips/aftab/aftab_datapath/aftab_aau/aftab_su_divider/aftab_su_divider.vhd" into library xil_defaultlib
INFO: [VRFC 10-3107] analyzing entity 'aftab_su_divider'
INFO: [VRFC 10-163] Analyzing VHDL file "C:/Users/Equipo/Desktop/mc2101/MC2101 VIVADO/MC2101 VIVADO.srcs/sources_1/imports/mc2101/ips/aftab/aftab_datapath/aftab_aau/aftab_aau.vhd" into library xil_defaultlib
INFO: [VRFC 10-3107] analyzing entity 'aftab_aau'
INFO: [VRFC 10-163] Analyzing VHDL file "C:/Users/Equipo/Desktop/mc2101/MC2101 VIVADO/MC2101 VIVADO.srcs/sources_1/imports/mc2101/ips/aftab/aftab_datapath/aftab_barrel_shifter.vhd" into library xil_defaultlib
INFO: [VRFC 10-3107] analyzing entity 'aftab_barrel_shifter'
INFO: [VRFC 10-163] Analyzing VHDL file "C:/Users/Equipo/Desktop/mc2101/MC2101 VIVADO/MC2101 VIVADO.srcs/sources_1/imports/mc2101/ips/aftab/aftab_datapath/aftab_comparator.vhd" into library xil_defaultlib
INFO: [VRFC 10-3107] analyzing entity 'aftab_comparator'
INFO: [VRFC 10-163] Analyzing VHDL file "C:/Users/Equipo/Desktop/mc2101/MC2101 VIVADO/MC2101 VIVADO.srcs/sources_1/imports/mc2101/ips/aftab/aftab_controller.vhd" into library xil_defaultlib
INFO: [VRFC 10-3107] analyzing entity 'aftab_controller'
INFO: [VRFC 10-163] Analyzing VHDL file "C:/Users/Equipo/Desktop/mc2101/MC2101 VIVADO/MC2101 VIVADO.srcs/sources_1/imports/mc2101/ips/aftab/aftab_datapath/aftab_csr/aftab_csr_address_ctrl.vhd" into library xil_defaultlib
INFO: [VRFC 10-3107] analyzing entity 'aftab_csr_address_ctrl'
INFO: [VRFC 10-163] Analyzing VHDL file "C:/Users/Equipo/Desktop/mc2101/MC2101 VIVADO/MC2101 VIVADO.srcs/sources_1/imports/mc2101/ips/aftab/aftab_datapath/aftab_register_file.vhd" into library xil_defaultlib
INFO: [VRFC 10-3107] analyzing entity 'aftab_register_file'
INFO: [VRFC 10-163] Analyzing VHDL file "C:/Users/Equipo/Desktop/mc2101/MC2101 VIVADO/MC2101 VIVADO.srcs/sources_1/imports/mc2101/ips/aftab/aftab_datapath/aftab_isseu.vhd" into library xil_defaultlib
INFO: [VRFC 10-3107] analyzing entity 'aftab_isseu'
INFO: [VRFC 10-163] Analyzing VHDL file "C:/Users/Equipo/Desktop/mc2101/MC2101 VIVADO/MC2101 VIVADO.srcs/sources_1/imports/mc2101/ips/aftab/aftab_datapath/aftab_llu.vhd" into library xil_defaultlib
INFO: [VRFC 10-3107] analyzing entity 'aftab_llu'
INFO: [VRFC 10-163] Analyzing VHDL file "C:/Users/Equipo/Desktop/mc2101/MC2101 VIVADO/MC2101 VIVADO.srcs/sources_1/imports/mc2101/ips/aftab/aftab_datapath/aftab_full_adder.vhd" into library xil_defaultlib
INFO: [VRFC 10-3107] analyzing entity 'aftab_full_adder'
INFO: [VRFC 10-163] Analyzing VHDL file "C:/Users/Equipo/Desktop/mc2101/MC2101 VIVADO/MC2101 VIVADO.srcs/sources_1/imports/mc2101/ips/aftab/aftab_datapath/aftab_half_adder.vhd" into library xil_defaultlib
INFO: [VRFC 10-3107] analyzing entity 'aftab_half_adder'
INFO: [VRFC 10-163] Analyzing VHDL file "C:/Users/Equipo/Desktop/mc2101/MC2101 VIVADO/MC2101 VIVADO.srcs/sources_1/imports/mc2101/ips/aftab/aftab_datapath/aftab_opt_adder.vhd" into library xil_defaultlib
INFO: [VRFC 10-3107] analyzing entity 'aftab_opt_adder'
INFO: [VRFC 10-163] Analyzing VHDL file "C:/Users/Equipo/Desktop/mc2101/MC2101 VIVADO/MC2101 VIVADO.srcs/sources_1/imports/mc2101/ips/aftab/aftab_datapath/aftab_dawu/aftab_dawu_error_detector.vhd" into library xil_defaultlib
INFO: [VRFC 10-3107] analyzing entity 'aftab_dawu_error_detector'
INFO: [VRFC 10-163] Analyzing VHDL file "C:/Users/Equipo/Desktop/mc2101/MC2101 VIVADO/MC2101 VIVADO.srcs/sources_1/imports/mc2101/ips/aftab/aftab_datapath/aftab_dawu/aftab_dawu_datapath.vhd" into library xil_defaultlib
INFO: [VRFC 10-3107] analyzing entity 'aftab_dawu_datapath'
INFO: [VRFC 10-163] Analyzing VHDL file "C:/Users/Equipo/Desktop/mc2101/MC2101 VIVADO/MC2101 VIVADO.srcs/sources_1/imports/mc2101/ips/aftab/aftab_datapath/aftab_dawu/aftab_dawu_controller.vhd" into library xil_defaultlib
INFO: [VRFC 10-3107] analyzing entity 'aftab_dawu_controller'
INFO: [VRFC 10-163] Analyzing VHDL file "C:/Users/Equipo/Desktop/mc2101/MC2101 VIVADO/MC2101 VIVADO.srcs/sources_1/imports/mc2101/ips/aftab/aftab_datapath/aftab_dawu/aftab_dawu.vhd" into library xil_defaultlib
INFO: [VRFC 10-3107] analyzing entity 'aftab_dawu'
INFO: [VRFC 10-163] Analyzing VHDL file "C:/Users/Equipo/Desktop/mc2101/MC2101 VIVADO/MC2101 VIVADO.srcs/sources_1/imports/mc2101/ips/aftab/aftab_datapath/aftab_decoder.vhd" into library xil_defaultlib
INFO: [VRFC 10-3107] analyzing entity 'aftab_decoder'
INFO: [VRFC 10-163] Analyzing VHDL file "C:/Users/Equipo/Desktop/mc2101/MC2101 VIVADO/MC2101 VIVADO.srcs/sources_1/imports/mc2101/ips/aftab/aftab_datapath/aftab_daru/aftab_daru_error_detector.vhd" into library xil_defaultlib
INFO: [VRFC 10-3107] analyzing entity 'aftab_daru_error_detector'
INFO: [VRFC 10-163] Analyzing VHDL file "C:/Users/Equipo/Desktop/mc2101/MC2101 VIVADO/MC2101 VIVADO.srcs/sources_1/imports/mc2101/ips/aftab/aftab_datapath/aftab_daru/aftab_daru_datapath.vhd" into library xil_defaultlib
INFO: [VRFC 10-3107] analyzing entity 'aftab_daru_datapath'
INFO: [VRFC 10-163] Analyzing VHDL file "C:/Users/Equipo/Desktop/mc2101/MC2101 VIVADO/MC2101 VIVADO.srcs/sources_1/imports/mc2101/ips/aftab/aftab_datapath/aftab_daru/aftab_daru_controller.vhd" into library xil_defaultlib
INFO: [VRFC 10-3107] analyzing entity 'aftab_daru_controller'
INFO: [VRFC 10-163] Analyzing VHDL file "C:/Users/Equipo/Desktop/mc2101/MC2101 VIVADO/MC2101 VIVADO.srcs/sources_1/imports/mc2101/ips/aftab/aftab_datapath/aftab_daru/aftab_daru.vhd" into library xil_defaultlib
INFO: [VRFC 10-3107] analyzing entity 'aftab_daru'
INFO: [VRFC 10-163] Analyzing VHDL file "C:/Users/Equipo/Desktop/mc2101/MC2101 VIVADO/MC2101 VIVADO.srcs/sources_1/imports/mc2101/ips/aftab/aftab_datapath/aftab_sulu.vhd" into library xil_defaultlib
INFO: [VRFC 10-3107] analyzing entity 'aftab_sulu'
INFO: [VRFC 10-163] Analyzing VHDL file "C:/Users/Equipo/Desktop/mc2101/MC2101 VIVADO/MC2101 VIVADO.srcs/sources_1/imports/mc2101/ips/aftab/aftab_datapath/aftab_csr/aftab_csr_isl.vhd" into library xil_defaultlib
INFO: [VRFC 10-3107] analyzing entity 'aftab_csr_isl'
INFO: [VRFC 10-163] Analyzing VHDL file "C:/Users/Equipo/Desktop/mc2101/MC2101 VIVADO/MC2101 VIVADO.srcs/sources_1/imports/mc2101/ips/aftab/aftab_datapath/aftab_csr/aftab_csr_registers.vhd" into library xil_defaultlib
INFO: [VRFC 10-3107] analyzing entity 'aftab_csr_registers'
INFO: [VRFC 10-163] Analyzing VHDL file "C:/Users/Equipo/Desktop/mc2101/MC2101 VIVADO/MC2101 VIVADO.srcs/sources_1/imports/mc2101/ips/aftab/aftab_datapath/aftab_csr/aftab_csr_address_logic.vhd" into library xil_defaultlib
INFO: [VRFC 10-3107] analyzing entity 'aftab_csr_address_logic'
INFO: [VRFC 10-163] Analyzing VHDL file "C:/Users/Equipo/Desktop/mc2101/MC2101 VIVADO/MC2101 VIVADO.srcs/sources_1/imports/mc2101/ips/aftab/aftab_datapath/aftab_one_bit_register.vhd" into library xil_defaultlib
INFO: [VRFC 10-3107] analyzing entity 'aftab_one_bit_register'
INFO: [VRFC 10-163] Analyzing VHDL file "C:/Users/Equipo/Desktop/mc2101/MC2101 VIVADO/MC2101 VIVADO.srcs/sources_1/imports/mc2101/ips/aftab/aftab_datapath/aftab_csr/aftab_register_bank.vhd" into library xil_defaultlib
INFO: [VRFC 10-3107] analyzing entity 'aftab_register_bank'
INFO: [VRFC 10-163] Analyzing VHDL file "C:/Users/Equipo/Desktop/mc2101/MC2101 VIVADO/MC2101 VIVADO.srcs/sources_1/imports/mc2101/ips/aftab/aftab_datapath/aftab_csr/aftab_csr_counter.vhd" into library xil_defaultlib
INFO: [VRFC 10-3107] analyzing entity 'aftab_csr_counter'
INFO: [VRFC 10-163] Analyzing VHDL file "C:/Users/Equipo/Desktop/mc2101/MC2101 VIVADO/MC2101 VIVADO.srcs/sources_1/imports/mc2101/ips/aftab/aftab_datapath/aftab_csr/aftab_csr_addressing_decoder.vhd" into library xil_defaultlib
INFO: [VRFC 10-3107] analyzing entity 'aftab_csr_addressing_decoder'
INFO: [VRFC 10-163] Analyzing VHDL file "C:/Users/Equipo/Desktop/mc2101/MC2101 VIVADO/MC2101 VIVADO.srcs/sources_1/imports/mc2101/ips/aftab/aftab_datapath/aftab_csr/aftab_iccd.vhd" into library xil_defaultlib
INFO: [VRFC 10-3107] analyzing entity 'aftab_iccd'
INFO: [VRFC 10-163] Analyzing VHDL file "C:/Users/Equipo/Desktop/mc2101/MC2101 VIVADO/MC2101 VIVADO.srcs/sources_1/imports/mc2101/ips/aftab/aftab_datapath/aftab_csr/aftab_isagu.vhd" into library xil_defaultlib
INFO: [VRFC 10-3107] analyzing entity 'aftab_isagu'
INFO: [VRFC 10-163] Analyzing VHDL file "C:/Users/Equipo/Desktop/mc2101/MC2101 VIVADO/MC2101 VIVADO.srcs/sources_1/imports/mc2101/ips/aftab/aftab_datapath/aftab_datapath.vhd" into library xil_defaultlib
INFO: [VRFC 10-3107] analyzing entity 'aftab_datapath'
INFO: [VRFC 10-163] Analyzing VHDL file "C:/Users/Equipo/Desktop/mc2101/MC2101 VIVADO/MC2101 VIVADO.srcs/sources_1/imports/mc2101/ips/aftab/aftab_core.vhd" into library xil_defaultlib
INFO: [VRFC 10-3107] analyzing entity 'aftab_core'
INFO: [VRFC 10-163] Analyzing VHDL file "C:/Users/Equipo/Desktop/mc2101/MC2101 VIVADO/MC2101 VIVADO.srcs/sources_1/imports/mc2101/tb/aftab_memory.vhd" into library xil_defaultlib
INFO: [VRFC 10-3107] analyzing entity 'aftab_memory'
ERROR: [VRFC 10-9439] type error near 'to_signed'; expected type 'bit_vector' [C:/Users/Equipo/Desktop/mc2101/MC2101 VIVADO/MC2101 VIVADO.srcs/sources_1/imports/mc2101/tb/aftab_memory.vhd:114]
ERROR: [VRFC 10-8875] could not find a match for subprogram 'to_signed' [C:/Users/Equipo/Desktop/mc2101/MC2101 VIVADO/MC2101 VIVADO.srcs/sources_1/imports/mc2101/tb/aftab_memory.vhd:114]
ERROR: [VRFC 10-9458] unit 'behavioral' is ignored due to previous errors [C:/Users/Equipo/Desktop/mc2101/MC2101 VIVADO/MC2101 VIVADO.srcs/sources_1/imports/mc2101/tb/aftab_memory.vhd:61]
INFO: [VRFC 10-8704] VHDL file 'C:/Users/Equipo/Desktop/mc2101/MC2101 VIVADO/MC2101 VIVADO.srcs/sources_1/imports/mc2101/tb/aftab_memory.vhd' is ignored due to errors
