The target system is: Linux-CXX -  - 
The host system is: Linux - 5.4.0-48-generic - x86_64
Compiling the C compiler identification source file "CMakeCCompilerId.c" succeeded.
Compiler: /opt/riscv/bin/riscv32-unknown-elf-gcc 
Build flags: 
Id flags:  

The output was:
0


Compilation of the C compiler identification source "CMakeCCompilerId.c" produced "a.out"

The C compiler identification is GNU, found in "/media/sf_Shared/pulpino/sw/build/CMakeFiles/3.10.2/CompilerIdC/a.out"

Compiling the CXX compiler identification source file "CMakeCXXCompilerId.cpp" succeeded.
Compiler: /opt/riscv/bin/riscv32-unknown-elf-c++ 
Build flags: 
Id flags:  

The output was:
0


Compilation of the CXX compiler identification source "CMakeCXXCompilerId.cpp" produced "a.out"

The CXX compiler identification is GNU, found in "/media/sf_Shared/pulpino/sw/build/CMakeFiles/3.10.2/CompilerIdCXX/a.out"

Compiling the C compiler identification source file "CMakeCCompilerId.c" succeeded.
Compiler: /opt/riscv/bin/riscv32-unknown-elf-gcc 
Build flags: -O3;-g
Id flags:  

The output was:
0


Compilation of the C compiler identification source "CMakeCCompilerId.c" produced "a.out"

The C compiler identification is GNU, found in "/media/sf_Shared/pulpino/sw/build/CMakeFiles/3.10.2/CompilerIdC/a.out"

Compiling the CXX compiler identification source file "CMakeCXXCompilerId.cpp" succeeded.
Compiler: /opt/riscv/bin/riscv32-unknown-elf-c++ 
Build flags: 
Id flags:  

The output was:
0


Compilation of the CXX compiler identification source "CMakeCXXCompilerId.cpp" produced "a.out"

The CXX compiler identification is GNU, found in "/media/sf_Shared/pulpino/sw/build/CMakeFiles/3.10.2/CompilerIdCXX/a.out"

Checking whether the ASM compiler is GNU using "--version" matched "(GNU assembler)|(GCC)|(Free Software Foundation)":
riscv32-unknown-elf-gcc (GCC) 10.2.0
Copyright (C) 2020 Free Software Foundation, Inc.
This is free software; see the source for copying conditions.  There is NO
warranty; not even for MERCHANTABILITY or FITNESS FOR A PARTICULAR PURPOSE.

Determining if the C compiler works passed with the following output:
Change Dir: /media/sf_Shared/pulpino/sw/build/CMakeFiles/CMakeTmp

Run Build Command:"/usr/bin/make" "cmTC_f7a6d/fast"
/usr/bin/make -f CMakeFiles/cmTC_f7a6d.dir/build.make CMakeFiles/cmTC_f7a6d.dir/build
make[1]: Entering directory '/media/sf_Shared/pulpino/sw/build/CMakeFiles/CMakeTmp'
Building C object CMakeFiles/cmTC_f7a6d.dir/testCCompiler.c.o
/opt/riscv/bin/riscv32-unknown-elf-gcc   -O3 -g    -o CMakeFiles/cmTC_f7a6d.dir/testCCompiler.c.o   -c /media/sf_Shared/pulpino/sw/build/CMakeFiles/CMakeTmp/testCCompiler.c
Linking C executable cmTC_f7a6d
/usr/bin/cmake -E cmake_link_script CMakeFiles/cmTC_f7a6d.dir/link.txt --verbose=1
/opt/riscv/bin/riscv32-unknown-elf-gcc -O3 -g     CMakeFiles/cmTC_f7a6d.dir/testCCompiler.c.o  -o cmTC_f7a6d 
make[1]: Leaving directory '/media/sf_Shared/pulpino/sw/build/CMakeFiles/CMakeTmp'


Detecting C compiler ABI info compiled with the following output:
Change Dir: /media/sf_Shared/pulpino/sw/build/CMakeFiles/CMakeTmp

Run Build Command:"/usr/bin/make" "cmTC_c1bac/fast"
/usr/bin/make -f CMakeFiles/cmTC_c1bac.dir/build.make CMakeFiles/cmTC_c1bac.dir/build
make[1]: Entering directory '/media/sf_Shared/pulpino/sw/build/CMakeFiles/CMakeTmp'
Building C object CMakeFiles/cmTC_c1bac.dir/CMakeCCompilerABI.c.o
/opt/riscv/bin/riscv32-unknown-elf-gcc   -O3 -g    -o CMakeFiles/cmTC_c1bac.dir/CMakeCCompilerABI.c.o   -c /usr/share/cmake-3.10/Modules/CMakeCCompilerABI.c
Linking C executable cmTC_c1bac
/usr/bin/cmake -E cmake_link_script CMakeFiles/cmTC_c1bac.dir/link.txt --verbose=1
/opt/riscv/bin/riscv32-unknown-elf-gcc -O3 -g    -v CMakeFiles/cmTC_c1bac.dir/CMakeCCompilerABI.c.o  -o cmTC_c1bac 
Using built-in specs.
COLLECT_GCC=/opt/riscv/bin/riscv32-unknown-elf-gcc
COLLECT_LTO_WRAPPER=/opt/riscv/libexec/gcc/riscv32-unknown-elf/10.2.0/lto-wrapper
Target: riscv32-unknown-elf
Configured with: /usr/local/RISCV/riscv-gnu-toolchain/riscv-gcc/configure --target=riscv32-unknown-elf --prefix=/opt/riscv --disable-shared --disable-threads --enable-languages=c,c++ --with-system-zlib --enable-tls --with-newlib --with-sysroot=/opt/riscv/riscv32-unknown-elf --with-native-system-header-dir=/include --disable-libmudflap --disable-libssp --disable-libquadmath --disable-libgomp --disable-nls --disable-tm-clone-registry --src=.././riscv-gcc --disable-multilib --with-abi=ilp32 --with-arch=rv32ia --with-tune=rocket 'CFLAGS_FOR_TARGET=-Os   -mcmodel=medlow' 'CXXFLAGS_FOR_TARGET=-Os   -mcmodel=medlow'
Thread model: single
Supported LTO compression algorithms: zlib
gcc version 10.2.0 (GCC) 
COMPILER_PATH=/opt/riscv/libexec/gcc/riscv32-unknown-elf/10.2.0/:/opt/riscv/libexec/gcc/riscv32-unknown-elf/10.2.0/:/opt/riscv/libexec/gcc/riscv32-unknown-elf/:/opt/riscv/lib/gcc/riscv32-unknown-elf/10.2.0/:/opt/riscv/lib/gcc/riscv32-unknown-elf/:/opt/riscv/lib/gcc/riscv32-unknown-elf/10.2.0/../../../../riscv32-unknown-elf/bin/
LIBRARY_PATH=/opt/riscv/lib/gcc/riscv32-unknown-elf/10.2.0/:/opt/riscv/lib/gcc/riscv32-unknown-elf/10.2.0/../../../../riscv32-unknown-elf/lib/:/opt/riscv/riscv32-unknown-elf/lib/
COLLECT_GCC_OPTIONS='-O3' '-g' '-v' '-o' 'cmTC_c1bac' '-mtune=rocket' '-march=rv32ia' '-mabi=ilp32' '-march=rv32ia'
 /opt/riscv/libexec/gcc/riscv32-unknown-elf/10.2.0/collect2 -plugin /opt/riscv/libexec/gcc/riscv32-unknown-elf/10.2.0/liblto_plugin.so -plugin-opt=/opt/riscv/libexec/gcc/riscv32-unknown-elf/10.2.0/lto-wrapper -plugin-opt=-fresolution=/tmp/cc6Hwo7O.res -plugin-opt=-pass-through=-lgcc -plugin-opt=-pass-through=-lc -plugin-opt=-pass-through=-lgloss -plugin-opt=-pass-through=-lgcc --sysroot=/opt/riscv/riscv32-unknown-elf -melf32lriscv -o cmTC_c1bac /opt/riscv/lib/gcc/riscv32-unknown-elf/10.2.0/../../../../riscv32-unknown-elf/lib/crt0.o /opt/riscv/lib/gcc/riscv32-unknown-elf/10.2.0/crtbegin.o -L/opt/riscv/lib/gcc/riscv32-unknown-elf/10.2.0 -L/opt/riscv/lib/gcc/riscv32-unknown-elf/10.2.0/../../../../riscv32-unknown-elf/lib -L/opt/riscv/riscv32-unknown-elf/lib CMakeFiles/cmTC_c1bac.dir/CMakeCCompilerABI.c.o -lgcc --start-group -lc -lgloss --end-group -lgcc /opt/riscv/lib/gcc/riscv32-unknown-elf/10.2.0/crtend.o
COLLECT_GCC_OPTIONS='-O3' '-g' '-v' '-o' 'cmTC_c1bac' '-mtune=rocket' '-march=rv32ia' '-mabi=ilp32' '-march=rv32ia'
make[1]: Leaving directory '/media/sf_Shared/pulpino/sw/build/CMakeFiles/CMakeTmp'


Parsed C implicit link information from above output:
  link line regex: [^( *|.*[/\])(riscv32-unknown-elf-ld|CMAKE_LINK_STARTFILE-NOTFOUND|([^/\]+-)?ld|collect2)[^/\]*( |$)]
  ignore line: [Change Dir: /media/sf_Shared/pulpino/sw/build/CMakeFiles/CMakeTmp]
  ignore line: []
  ignore line: [Run Build Command:"/usr/bin/make" "cmTC_c1bac/fast"]
  ignore line: [/usr/bin/make -f CMakeFiles/cmTC_c1bac.dir/build.make CMakeFiles/cmTC_c1bac.dir/build]
  ignore line: [make[1]: Entering directory '/media/sf_Shared/pulpino/sw/build/CMakeFiles/CMakeTmp']
  ignore line: [Building C object CMakeFiles/cmTC_c1bac.dir/CMakeCCompilerABI.c.o]
  ignore line: [/opt/riscv/bin/riscv32-unknown-elf-gcc   -O3 -g    -o CMakeFiles/cmTC_c1bac.dir/CMakeCCompilerABI.c.o   -c /usr/share/cmake-3.10/Modules/CMakeCCompilerABI.c]
  ignore line: [Linking C executable cmTC_c1bac]
  ignore line: [/usr/bin/cmake -E cmake_link_script CMakeFiles/cmTC_c1bac.dir/link.txt --verbose=1]
  ignore line: [/opt/riscv/bin/riscv32-unknown-elf-gcc -O3 -g    -v CMakeFiles/cmTC_c1bac.dir/CMakeCCompilerABI.c.o  -o cmTC_c1bac ]
  ignore line: [Using built-in specs.]
  ignore line: [COLLECT_GCC=/opt/riscv/bin/riscv32-unknown-elf-gcc]
  ignore line: [COLLECT_LTO_WRAPPER=/opt/riscv/libexec/gcc/riscv32-unknown-elf/10.2.0/lto-wrapper]
  ignore line: [Target: riscv32-unknown-elf]
  ignore line: [Configured with: /usr/local/RISCV/riscv-gnu-toolchain/riscv-gcc/configure --target=riscv32-unknown-elf --prefix=/opt/riscv --disable-shared --disable-threads --enable-languages=c,c++ --with-system-zlib --enable-tls --with-newlib --with-sysroot=/opt/riscv/riscv32-unknown-elf --with-native-system-header-dir=/include --disable-libmudflap --disable-libssp --disable-libquadmath --disable-libgomp --disable-nls --disable-tm-clone-registry --src=.././riscv-gcc --disable-multilib --with-abi=ilp32 --with-arch=rv32ia --with-tune=rocket 'CFLAGS_FOR_TARGET=-Os   -mcmodel=medlow' 'CXXFLAGS_FOR_TARGET=-Os   -mcmodel=medlow']
  ignore line: [Thread model: single]
  ignore line: [Supported LTO compression algorithms: zlib]
  ignore line: [gcc version 10.2.0 (GCC) ]
  ignore line: [COMPILER_PATH=/opt/riscv/libexec/gcc/riscv32-unknown-elf/10.2.0/:/opt/riscv/libexec/gcc/riscv32-unknown-elf/10.2.0/:/opt/riscv/libexec/gcc/riscv32-unknown-elf/:/opt/riscv/lib/gcc/riscv32-unknown-elf/10.2.0/:/opt/riscv/lib/gcc/riscv32-unknown-elf/:/opt/riscv/lib/gcc/riscv32-unknown-elf/10.2.0/../../../../riscv32-unknown-elf/bin/]
  ignore line: [LIBRARY_PATH=/opt/riscv/lib/gcc/riscv32-unknown-elf/10.2.0/:/opt/riscv/lib/gcc/riscv32-unknown-elf/10.2.0/../../../../riscv32-unknown-elf/lib/:/opt/riscv/riscv32-unknown-elf/lib/]
  ignore line: [COLLECT_GCC_OPTIONS='-O3' '-g' '-v' '-o' 'cmTC_c1bac' '-mtune=rocket' '-march=rv32ia' '-mabi=ilp32' '-march=rv32ia']
  link line: [ /opt/riscv/libexec/gcc/riscv32-unknown-elf/10.2.0/collect2 -plugin /opt/riscv/libexec/gcc/riscv32-unknown-elf/10.2.0/liblto_plugin.so -plugin-opt=/opt/riscv/libexec/gcc/riscv32-unknown-elf/10.2.0/lto-wrapper -plugin-opt=-fresolution=/tmp/cc6Hwo7O.res -plugin-opt=-pass-through=-lgcc -plugin-opt=-pass-through=-lc -plugin-opt=-pass-through=-lgloss -plugin-opt=-pass-through=-lgcc --sysroot=/opt/riscv/riscv32-unknown-elf -melf32lriscv -o cmTC_c1bac /opt/riscv/lib/gcc/riscv32-unknown-elf/10.2.0/../../../../riscv32-unknown-elf/lib/crt0.o /opt/riscv/lib/gcc/riscv32-unknown-elf/10.2.0/crtbegin.o -L/opt/riscv/lib/gcc/riscv32-unknown-elf/10.2.0 -L/opt/riscv/lib/gcc/riscv32-unknown-elf/10.2.0/../../../../riscv32-unknown-elf/lib -L/opt/riscv/riscv32-unknown-elf/lib CMakeFiles/cmTC_c1bac.dir/CMakeCCompilerABI.c.o -lgcc --start-group -lc -lgloss --end-group -lgcc /opt/riscv/lib/gcc/riscv32-unknown-elf/10.2.0/crtend.o]
    arg [/opt/riscv/libexec/gcc/riscv32-unknown-elf/10.2.0/collect2] ==> ignore
    arg [-plugin] ==> ignore
    arg [/opt/riscv/libexec/gcc/riscv32-unknown-elf/10.2.0/liblto_plugin.so] ==> ignore
    arg [-plugin-opt=/opt/riscv/libexec/gcc/riscv32-unknown-elf/10.2.0/lto-wrapper] ==> ignore
    arg [-plugin-opt=-fresolution=/tmp/cc6Hwo7O.res] ==> ignore
    arg [-plugin-opt=-pass-through=-lgcc] ==> ignore
    arg [-plugin-opt=-pass-through=-lc] ==> ignore
    arg [-plugin-opt=-pass-through=-lgloss] ==> ignore
    arg [-plugin-opt=-pass-through=-lgcc] ==> ignore
    arg [--sysroot=/opt/riscv/riscv32-unknown-elf] ==> ignore
    arg [-melf32lriscv] ==> ignore
    arg [-o] ==> ignore
    arg [cmTC_c1bac] ==> ignore
    arg [/opt/riscv/lib/gcc/riscv32-unknown-elf/10.2.0/../../../../riscv32-unknown-elf/lib/crt0.o] ==> ignore
    arg [/opt/riscv/lib/gcc/riscv32-unknown-elf/10.2.0/crtbegin.o] ==> ignore
    arg [-L/opt/riscv/lib/gcc/riscv32-unknown-elf/10.2.0] ==> dir [/opt/riscv/lib/gcc/riscv32-unknown-elf/10.2.0]
    arg [-L/opt/riscv/lib/gcc/riscv32-unknown-elf/10.2.0/../../../../riscv32-unknown-elf/lib] ==> dir [/opt/riscv/lib/gcc/riscv32-unknown-elf/10.2.0/../../../../riscv32-unknown-elf/lib]
    arg [-L/opt/riscv/riscv32-unknown-elf/lib] ==> dir [/opt/riscv/riscv32-unknown-elf/lib]
    arg [CMakeFiles/cmTC_c1bac.dir/CMakeCCompilerABI.c.o] ==> ignore
    arg [-lgcc] ==> lib [gcc]
    arg [--start-group] ==> ignore
    arg [-lc] ==> lib [c]
    arg [-lgloss] ==> lib [gloss]
    arg [--end-group] ==> ignore
    arg [-lgcc] ==> lib [gcc]
    arg [/opt/riscv/lib/gcc/riscv32-unknown-elf/10.2.0/crtend.o] ==> ignore
  collapse library dir [/opt/riscv/lib/gcc/riscv32-unknown-elf/10.2.0] ==> [/opt/riscv/lib/gcc/riscv32-unknown-elf/10.2.0]
  collapse library dir [/opt/riscv/lib/gcc/riscv32-unknown-elf/10.2.0/../../../../riscv32-unknown-elf/lib] ==> [/opt/riscv/riscv32-unknown-elf/lib]
  collapse library dir [/opt/riscv/riscv32-unknown-elf/lib] ==> [/opt/riscv/riscv32-unknown-elf/lib]
  implicit libs: [gcc;c;gloss;gcc]
  implicit dirs: [/opt/riscv/lib/gcc/riscv32-unknown-elf/10.2.0;/opt/riscv/riscv32-unknown-elf/lib]
  implicit fwks: []




Detecting C [-std=c11] compiler features compiled with the following output:
Change Dir: /media/sf_Shared/pulpino/sw/build/CMakeFiles/CMakeTmp

Run Build Command:"/usr/bin/make" "cmTC_29174/fast"
/usr/bin/make -f CMakeFiles/cmTC_29174.dir/build.make CMakeFiles/cmTC_29174.dir/build
make[1]: Entering directory '/media/sf_Shared/pulpino/sw/build/CMakeFiles/CMakeTmp'
Building C object CMakeFiles/cmTC_29174.dir/feature_tests.c.o
/opt/riscv/bin/riscv32-unknown-elf-gcc   -O3 -g    -std=c11 -o CMakeFiles/cmTC_29174.dir/feature_tests.c.o   -c /media/sf_Shared/pulpino/sw/build/CMakeFiles/feature_tests.c
Linking C executable cmTC_29174
/usr/bin/cmake -E cmake_link_script CMakeFiles/cmTC_29174.dir/link.txt --verbose=1
/opt/riscv/bin/riscv32-unknown-elf-gcc -O3 -g     CMakeFiles/cmTC_29174.dir/feature_tests.c.o  -o cmTC_29174 
make[1]: Leaving directory '/media/sf_Shared/pulpino/sw/build/CMakeFiles/CMakeTmp'


    Feature record: C_FEATURE:1c_function_prototypes
    Feature record: C_FEATURE:1c_restrict
    Feature record: C_FEATURE:1c_static_assert
    Feature record: C_FEATURE:1c_variadic_macros


Detecting C [-std=c99] compiler features compiled with the following output:
Change Dir: /media/sf_Shared/pulpino/sw/build/CMakeFiles/CMakeTmp

Run Build Command:"/usr/bin/make" "cmTC_ff3cd/fast"
/usr/bin/make -f CMakeFiles/cmTC_ff3cd.dir/build.make CMakeFiles/cmTC_ff3cd.dir/build
make[1]: Entering directory '/media/sf_Shared/pulpino/sw/build/CMakeFiles/CMakeTmp'
Building C object CMakeFiles/cmTC_ff3cd.dir/feature_tests.c.o
/opt/riscv/bin/riscv32-unknown-elf-gcc   -O3 -g    -std=c99 -o CMakeFiles/cmTC_ff3cd.dir/feature_tests.c.o   -c /media/sf_Shared/pulpino/sw/build/CMakeFiles/feature_tests.c
Linking C executable cmTC_ff3cd
/usr/bin/cmake -E cmake_link_script CMakeFiles/cmTC_ff3cd.dir/link.txt --verbose=1
/opt/riscv/bin/riscv32-unknown-elf-gcc -O3 -g     CMakeFiles/cmTC_ff3cd.dir/feature_tests.c.o  -o cmTC_ff3cd 
make[1]: Leaving directory '/media/sf_Shared/pulpino/sw/build/CMakeFiles/CMakeTmp'


    Feature record: C_FEATURE:1c_function_prototypes
    Feature record: C_FEATURE:1c_restrict
    Feature record: C_FEATURE:0c_static_assert
    Feature record: C_FEATURE:1c_variadic_macros


Detecting C [-std=c90] compiler features compiled with the following output:
Change Dir: /media/sf_Shared/pulpino/sw/build/CMakeFiles/CMakeTmp

Run Build Command:"/usr/bin/make" "cmTC_a9780/fast"
/usr/bin/make -f CMakeFiles/cmTC_a9780.dir/build.make CMakeFiles/cmTC_a9780.dir/build
make[1]: Entering directory '/media/sf_Shared/pulpino/sw/build/CMakeFiles/CMakeTmp'
Building C object CMakeFiles/cmTC_a9780.dir/feature_tests.c.o
/opt/riscv/bin/riscv32-unknown-elf-gcc   -O3 -g    -std=c90 -o CMakeFiles/cmTC_a9780.dir/feature_tests.c.o   -c /media/sf_Shared/pulpino/sw/build/CMakeFiles/feature_tests.c
Linking C executable cmTC_a9780
/usr/bin/cmake -E cmake_link_script CMakeFiles/cmTC_a9780.dir/link.txt --verbose=1
/opt/riscv/bin/riscv32-unknown-elf-gcc -O3 -g     CMakeFiles/cmTC_a9780.dir/feature_tests.c.o  -o cmTC_a9780 
make[1]: Leaving directory '/media/sf_Shared/pulpino/sw/build/CMakeFiles/CMakeTmp'


    Feature record: C_FEATURE:1c_function_prototypes
    Feature record: C_FEATURE:0c_restrict
    Feature record: C_FEATURE:0c_static_assert
    Feature record: C_FEATURE:0c_variadic_macros
Determining if the CXX compiler works passed with the following output:
Change Dir: /media/sf_Shared/pulpino/sw/build/CMakeFiles/CMakeTmp

Run Build Command:"/usr/bin/make" "cmTC_db049/fast"
/usr/bin/make -f CMakeFiles/cmTC_db049.dir/build.make CMakeFiles/cmTC_db049.dir/build
make[1]: Entering directory '/media/sf_Shared/pulpino/sw/build/CMakeFiles/CMakeTmp'
Building CXX object CMakeFiles/cmTC_db049.dir/testCXXCompiler.cxx.o
/opt/riscv/bin/riscv32-unknown-elf-c++     -o CMakeFiles/cmTC_db049.dir/testCXXCompiler.cxx.o -c /media/sf_Shared/pulpino/sw/build/CMakeFiles/CMakeTmp/testCXXCompiler.cxx
Linking CXX executable cmTC_db049
/usr/bin/cmake -E cmake_link_script CMakeFiles/cmTC_db049.dir/link.txt --verbose=1
/opt/riscv/bin/riscv32-unknown-elf-c++       CMakeFiles/cmTC_db049.dir/testCXXCompiler.cxx.o  -o cmTC_db049 
make[1]: Leaving directory '/media/sf_Shared/pulpino/sw/build/CMakeFiles/CMakeTmp'


Detecting CXX compiler ABI info compiled with the following output:
Change Dir: /media/sf_Shared/pulpino/sw/build/CMakeFiles/CMakeTmp

Run Build Command:"/usr/bin/make" "cmTC_3e301/fast"
/usr/bin/make -f CMakeFiles/cmTC_3e301.dir/build.make CMakeFiles/cmTC_3e301.dir/build
make[1]: Entering directory '/media/sf_Shared/pulpino/sw/build/CMakeFiles/CMakeTmp'
Building CXX object CMakeFiles/cmTC_3e301.dir/CMakeCXXCompilerABI.cpp.o
/opt/riscv/bin/riscv32-unknown-elf-c++     -o CMakeFiles/cmTC_3e301.dir/CMakeCXXCompilerABI.cpp.o -c /usr/share/cmake-3.10/Modules/CMakeCXXCompilerABI.cpp
Linking CXX executable cmTC_3e301
/usr/bin/cmake -E cmake_link_script CMakeFiles/cmTC_3e301.dir/link.txt --verbose=1
/opt/riscv/bin/riscv32-unknown-elf-c++      -v CMakeFiles/cmTC_3e301.dir/CMakeCXXCompilerABI.cpp.o  -o cmTC_3e301 
Using built-in specs.
COLLECT_GCC=/opt/riscv/bin/riscv32-unknown-elf-c++
COLLECT_LTO_WRAPPER=/opt/riscv/libexec/gcc/riscv32-unknown-elf/10.2.0/lto-wrapper
Target: riscv32-unknown-elf
Configured with: /usr/local/RISCV/riscv-gnu-toolchain/riscv-gcc/configure --target=riscv32-unknown-elf --prefix=/opt/riscv --disable-shared --disable-threads --enable-languages=c,c++ --with-system-zlib --enable-tls --with-newlib --with-sysroot=/opt/riscv/riscv32-unknown-elf --with-native-system-header-dir=/include --disable-libmudflap --disable-libssp --disable-libquadmath --disable-libgomp --disable-nls --disable-tm-clone-registry --src=.././riscv-gcc --disable-multilib --with-abi=ilp32 --with-arch=rv32ia --with-tune=rocket 'CFLAGS_FOR_TARGET=-Os   -mcmodel=medlow' 'CXXFLAGS_FOR_TARGET=-Os   -mcmodel=medlow'
Thread model: single
Supported LTO compression algorithms: zlib
gcc version 10.2.0 (GCC) 
COMPILER_PATH=/opt/riscv/libexec/gcc/riscv32-unknown-elf/10.2.0/:/opt/riscv/libexec/gcc/riscv32-unknown-elf/10.2.0/:/opt/riscv/libexec/gcc/riscv32-unknown-elf/:/opt/riscv/lib/gcc/riscv32-unknown-elf/10.2.0/:/opt/riscv/lib/gcc/riscv32-unknown-elf/:/opt/riscv/lib/gcc/riscv32-unknown-elf/10.2.0/../../../../riscv32-unknown-elf/bin/
LIBRARY_PATH=/opt/riscv/lib/gcc/riscv32-unknown-elf/10.2.0/:/opt/riscv/lib/gcc/riscv32-unknown-elf/10.2.0/../../../../riscv32-unknown-elf/lib/:/opt/riscv/riscv32-unknown-elf/lib/
COLLECT_GCC_OPTIONS='-v' '-o' 'cmTC_3e301' '-mtune=rocket' '-march=rv32ia' '-mabi=ilp32' '-march=rv32ia'
 /opt/riscv/libexec/gcc/riscv32-unknown-elf/10.2.0/collect2 -plugin /opt/riscv/libexec/gcc/riscv32-unknown-elf/10.2.0/liblto_plugin.so -plugin-opt=/opt/riscv/libexec/gcc/riscv32-unknown-elf/10.2.0/lto-wrapper -plugin-opt=-fresolution=/tmp/ccgBcFwf.res -plugin-opt=-pass-through=-lgcc -plugin-opt=-pass-through=-lc -plugin-opt=-pass-through=-lgloss -plugin-opt=-pass-through=-lgcc --sysroot=/opt/riscv/riscv32-unknown-elf -melf32lriscv -o cmTC_3e301 /opt/riscv/lib/gcc/riscv32-unknown-elf/10.2.0/../../../../riscv32-unknown-elf/lib/crt0.o /opt/riscv/lib/gcc/riscv32-unknown-elf/10.2.0/crtbegin.o -L/opt/riscv/lib/gcc/riscv32-unknown-elf/10.2.0 -L/opt/riscv/lib/gcc/riscv32-unknown-elf/10.2.0/../../../../riscv32-unknown-elf/lib -L/opt/riscv/riscv32-unknown-elf/lib CMakeFiles/cmTC_3e301.dir/CMakeCXXCompilerABI.cpp.o -lstdc++ -lm -lgcc --start-group -lc -lgloss --end-group -lgcc /opt/riscv/lib/gcc/riscv32-unknown-elf/10.2.0/crtend.o
COLLECT_GCC_OPTIONS='-v' '-o' 'cmTC_3e301' '-mtune=rocket' '-march=rv32ia' '-mabi=ilp32' '-march=rv32ia'
make[1]: Leaving directory '/media/sf_Shared/pulpino/sw/build/CMakeFiles/CMakeTmp'


Parsed CXX implicit link information from above output:
  link line regex: [^( *|.*[/\])(riscv32-unknown-elf-ld|CMAKE_LINK_STARTFILE-NOTFOUND|([^/\]+-)?ld|collect2)[^/\]*( |$)]
  ignore line: [Change Dir: /media/sf_Shared/pulpino/sw/build/CMakeFiles/CMakeTmp]
  ignore line: []
  ignore line: [Run Build Command:"/usr/bin/make" "cmTC_3e301/fast"]
  ignore line: [/usr/bin/make -f CMakeFiles/cmTC_3e301.dir/build.make CMakeFiles/cmTC_3e301.dir/build]
  ignore line: [make[1]: Entering directory '/media/sf_Shared/pulpino/sw/build/CMakeFiles/CMakeTmp']
  ignore line: [Building CXX object CMakeFiles/cmTC_3e301.dir/CMakeCXXCompilerABI.cpp.o]
  ignore line: [/opt/riscv/bin/riscv32-unknown-elf-c++     -o CMakeFiles/cmTC_3e301.dir/CMakeCXXCompilerABI.cpp.o -c /usr/share/cmake-3.10/Modules/CMakeCXXCompilerABI.cpp]
  ignore line: [Linking CXX executable cmTC_3e301]
  ignore line: [/usr/bin/cmake -E cmake_link_script CMakeFiles/cmTC_3e301.dir/link.txt --verbose=1]
  ignore line: [/opt/riscv/bin/riscv32-unknown-elf-c++      -v CMakeFiles/cmTC_3e301.dir/CMakeCXXCompilerABI.cpp.o  -o cmTC_3e301 ]
  ignore line: [Using built-in specs.]
  ignore line: [COLLECT_GCC=/opt/riscv/bin/riscv32-unknown-elf-c++]
  ignore line: [COLLECT_LTO_WRAPPER=/opt/riscv/libexec/gcc/riscv32-unknown-elf/10.2.0/lto-wrapper]
  ignore line: [Target: riscv32-unknown-elf]
  ignore line: [Configured with: /usr/local/RISCV/riscv-gnu-toolchain/riscv-gcc/configure --target=riscv32-unknown-elf --prefix=/opt/riscv --disable-shared --disable-threads --enable-languages=c,c++ --with-system-zlib --enable-tls --with-newlib --with-sysroot=/opt/riscv/riscv32-unknown-elf --with-native-system-header-dir=/include --disable-libmudflap --disable-libssp --disable-libquadmath --disable-libgomp --disable-nls --disable-tm-clone-registry --src=.././riscv-gcc --disable-multilib --with-abi=ilp32 --with-arch=rv32ia --with-tune=rocket 'CFLAGS_FOR_TARGET=-Os   -mcmodel=medlow' 'CXXFLAGS_FOR_TARGET=-Os   -mcmodel=medlow']
  ignore line: [Thread model: single]
  ignore line: [Supported LTO compression algorithms: zlib]
  ignore line: [gcc version 10.2.0 (GCC) ]
  ignore line: [COMPILER_PATH=/opt/riscv/libexec/gcc/riscv32-unknown-elf/10.2.0/:/opt/riscv/libexec/gcc/riscv32-unknown-elf/10.2.0/:/opt/riscv/libexec/gcc/riscv32-unknown-elf/:/opt/riscv/lib/gcc/riscv32-unknown-elf/10.2.0/:/opt/riscv/lib/gcc/riscv32-unknown-elf/:/opt/riscv/lib/gcc/riscv32-unknown-elf/10.2.0/../../../../riscv32-unknown-elf/bin/]
  ignore line: [LIBRARY_PATH=/opt/riscv/lib/gcc/riscv32-unknown-elf/10.2.0/:/opt/riscv/lib/gcc/riscv32-unknown-elf/10.2.0/../../../../riscv32-unknown-elf/lib/:/opt/riscv/riscv32-unknown-elf/lib/]
  ignore line: [COLLECT_GCC_OPTIONS='-v' '-o' 'cmTC_3e301' '-mtune=rocket' '-march=rv32ia' '-mabi=ilp32' '-march=rv32ia']
  link line: [ /opt/riscv/libexec/gcc/riscv32-unknown-elf/10.2.0/collect2 -plugin /opt/riscv/libexec/gcc/riscv32-unknown-elf/10.2.0/liblto_plugin.so -plugin-opt=/opt/riscv/libexec/gcc/riscv32-unknown-elf/10.2.0/lto-wrapper -plugin-opt=-fresolution=/tmp/ccgBcFwf.res -plugin-opt=-pass-through=-lgcc -plugin-opt=-pass-through=-lc -plugin-opt=-pass-through=-lgloss -plugin-opt=-pass-through=-lgcc --sysroot=/opt/riscv/riscv32-unknown-elf -melf32lriscv -o cmTC_3e301 /opt/riscv/lib/gcc/riscv32-unknown-elf/10.2.0/../../../../riscv32-unknown-elf/lib/crt0.o /opt/riscv/lib/gcc/riscv32-unknown-elf/10.2.0/crtbegin.o -L/opt/riscv/lib/gcc/riscv32-unknown-elf/10.2.0 -L/opt/riscv/lib/gcc/riscv32-unknown-elf/10.2.0/../../../../riscv32-unknown-elf/lib -L/opt/riscv/riscv32-unknown-elf/lib CMakeFiles/cmTC_3e301.dir/CMakeCXXCompilerABI.cpp.o -lstdc++ -lm -lgcc --start-group -lc -lgloss --end-group -lgcc /opt/riscv/lib/gcc/riscv32-unknown-elf/10.2.0/crtend.o]
    arg [/opt/riscv/libexec/gcc/riscv32-unknown-elf/10.2.0/collect2] ==> ignore
    arg [-plugin] ==> ignore
    arg [/opt/riscv/libexec/gcc/riscv32-unknown-elf/10.2.0/liblto_plugin.so] ==> ignore
    arg [-plugin-opt=/opt/riscv/libexec/gcc/riscv32-unknown-elf/10.2.0/lto-wrapper] ==> ignore
    arg [-plugin-opt=-fresolution=/tmp/ccgBcFwf.res] ==> ignore
    arg [-plugin-opt=-pass-through=-lgcc] ==> ignore
    arg [-plugin-opt=-pass-through=-lc] ==> ignore
    arg [-plugin-opt=-pass-through=-lgloss] ==> ignore
    arg [-plugin-opt=-pass-through=-lgcc] ==> ignore
    arg [--sysroot=/opt/riscv/riscv32-unknown-elf] ==> ignore
    arg [-melf32lriscv] ==> ignore
    arg [-o] ==> ignore
    arg [cmTC_3e301] ==> ignore
    arg [/opt/riscv/lib/gcc/riscv32-unknown-elf/10.2.0/../../../../riscv32-unknown-elf/lib/crt0.o] ==> ignore
    arg [/opt/riscv/lib/gcc/riscv32-unknown-elf/10.2.0/crtbegin.o] ==> ignore
    arg [-L/opt/riscv/lib/gcc/riscv32-unknown-elf/10.2.0] ==> dir [/opt/riscv/lib/gcc/riscv32-unknown-elf/10.2.0]
    arg [-L/opt/riscv/lib/gcc/riscv32-unknown-elf/10.2.0/../../../../riscv32-unknown-elf/lib] ==> dir [/opt/riscv/lib/gcc/riscv32-unknown-elf/10.2.0/../../../../riscv32-unknown-elf/lib]
    arg [-L/opt/riscv/riscv32-unknown-elf/lib] ==> dir [/opt/riscv/riscv32-unknown-elf/lib]
    arg [CMakeFiles/cmTC_3e301.dir/CMakeCXXCompilerABI.cpp.o] ==> ignore
    arg [-lstdc++] ==> lib [stdc++]
    arg [-lm] ==> lib [m]
    arg [-lgcc] ==> lib [gcc]
    arg [--start-group] ==> ignore
    arg [-lc] ==> lib [c]
    arg [-lgloss] ==> lib [gloss]
    arg [--end-group] ==> ignore
    arg [-lgcc] ==> lib [gcc]
    arg [/opt/riscv/lib/gcc/riscv32-unknown-elf/10.2.0/crtend.o] ==> ignore
  collapse library dir [/opt/riscv/lib/gcc/riscv32-unknown-elf/10.2.0] ==> [/opt/riscv/lib/gcc/riscv32-unknown-elf/10.2.0]
  collapse library dir [/opt/riscv/lib/gcc/riscv32-unknown-elf/10.2.0/../../../../riscv32-unknown-elf/lib] ==> [/opt/riscv/riscv32-unknown-elf/lib]
  collapse library dir [/opt/riscv/riscv32-unknown-elf/lib] ==> [/opt/riscv/riscv32-unknown-elf/lib]
  implicit libs: [stdc++;m;gcc;c;gloss;gcc]
  implicit dirs: [/opt/riscv/lib/gcc/riscv32-unknown-elf/10.2.0;/opt/riscv/riscv32-unknown-elf/lib]
  implicit fwks: []




Detecting CXX [-std=c++1z] compiler features compiled with the following output:
Change Dir: /media/sf_Shared/pulpino/sw/build/CMakeFiles/CMakeTmp

Run Build Command:"/usr/bin/make" "cmTC_48af8/fast"
/usr/bin/make -f CMakeFiles/cmTC_48af8.dir/build.make CMakeFiles/cmTC_48af8.dir/build
make[1]: Entering directory '/media/sf_Shared/pulpino/sw/build/CMakeFiles/CMakeTmp'
Building CXX object CMakeFiles/cmTC_48af8.dir/feature_tests.cxx.o
/opt/riscv/bin/riscv32-unknown-elf-c++    -std=c++1z -o CMakeFiles/cmTC_48af8.dir/feature_tests.cxx.o -c /media/sf_Shared/pulpino/sw/build/CMakeFiles/feature_tests.cxx
Linking CXX executable cmTC_48af8
/usr/bin/cmake -E cmake_link_script CMakeFiles/cmTC_48af8.dir/link.txt --verbose=1
/opt/riscv/bin/riscv32-unknown-elf-c++       CMakeFiles/cmTC_48af8.dir/feature_tests.cxx.o  -o cmTC_48af8 
make[1]: Leaving directory '/media/sf_Shared/pulpino/sw/build/CMakeFiles/CMakeTmp'


    Feature record: CXX_FEATURE:1cxx_aggregate_default_initializers
    Feature record: CXX_FEATURE:1cxx_alias_templates
    Feature record: CXX_FEATURE:1cxx_alignas
    Feature record: CXX_FEATURE:1cxx_alignof
    Feature record: CXX_FEATURE:1cxx_attributes
    Feature record: CXX_FEATURE:1cxx_attribute_deprecated
    Feature record: CXX_FEATURE:1cxx_auto_type
    Feature record: CXX_FEATURE:1cxx_binary_literals
    Feature record: CXX_FEATURE:1cxx_constexpr
    Feature record: CXX_FEATURE:1cxx_contextual_conversions
    Feature record: CXX_FEATURE:1cxx_decltype
    Feature record: CXX_FEATURE:1cxx_decltype_auto
    Feature record: CXX_FEATURE:1cxx_decltype_incomplete_return_types
    Feature record: CXX_FEATURE:1cxx_default_function_template_args
    Feature record: CXX_FEATURE:1cxx_defaulted_functions
    Feature record: CXX_FEATURE:1cxx_defaulted_move_initializers
    Feature record: CXX_FEATURE:1cxx_delegating_constructors
    Feature record: CXX_FEATURE:1cxx_deleted_functions
    Feature record: CXX_FEATURE:1cxx_digit_separators
    Feature record: CXX_FEATURE:1cxx_enum_forward_declarations
    Feature record: CXX_FEATURE:1cxx_explicit_conversions
    Feature record: CXX_FEATURE:1cxx_extended_friend_declarations
    Feature record: CXX_FEATURE:1cxx_extern_templates
    Feature record: CXX_FEATURE:1cxx_final
    Feature record: CXX_FEATURE:1cxx_func_identifier
    Feature record: CXX_FEATURE:1cxx_generalized_initializers
    Feature record: CXX_FEATURE:1cxx_generic_lambdas
    Feature record: CXX_FEATURE:1cxx_inheriting_constructors
    Feature record: CXX_FEATURE:1cxx_inline_namespaces
    Feature record: CXX_FEATURE:1cxx_lambdas
    Feature record: CXX_FEATURE:1cxx_lambda_init_captures
    Feature record: CXX_FEATURE:1cxx_local_type_template_args
    Feature record: CXX_FEATURE:1cxx_long_long_type
    Feature record: CXX_FEATURE:1cxx_noexcept
    Feature record: CXX_FEATURE:1cxx_nonstatic_member_init
    Feature record: CXX_FEATURE:1cxx_nullptr
    Feature record: CXX_FEATURE:1cxx_override
    Feature record: CXX_FEATURE:1cxx_range_for
    Feature record: CXX_FEATURE:1cxx_raw_string_literals
    Feature record: CXX_FEATURE:1cxx_reference_qualified_functions
    Feature record: CXX_FEATURE:1cxx_relaxed_constexpr
    Feature record: CXX_FEATURE:1cxx_return_type_deduction
    Feature record: CXX_FEATURE:1cxx_right_angle_brackets
    Feature record: CXX_FEATURE:1cxx_rvalue_references
    Feature record: CXX_FEATURE:1cxx_sizeof_member
    Feature record: CXX_FEATURE:1cxx_static_assert
    Feature record: CXX_FEATURE:1cxx_strong_enums
    Feature record: CXX_FEATURE:1cxx_template_template_parameters
    Feature record: CXX_FEATURE:1cxx_thread_local
    Feature record: CXX_FEATURE:1cxx_trailing_return_types
    Feature record: CXX_FEATURE:1cxx_unicode_literals
    Feature record: CXX_FEATURE:1cxx_uniform_initialization
    Feature record: CXX_FEATURE:1cxx_unrestricted_unions
    Feature record: CXX_FEATURE:1cxx_user_literals
    Feature record: CXX_FEATURE:1cxx_variable_templates
    Feature record: CXX_FEATURE:1cxx_variadic_macros
    Feature record: CXX_FEATURE:1cxx_variadic_templates


Detecting CXX [-std=c++14] compiler features compiled with the following output:
Change Dir: /media/sf_Shared/pulpino/sw/build/CMakeFiles/CMakeTmp

Run Build Command:"/usr/bin/make" "cmTC_af2c3/fast"
/usr/bin/make -f CMakeFiles/cmTC_af2c3.dir/build.make CMakeFiles/cmTC_af2c3.dir/build
make[1]: Entering directory '/media/sf_Shared/pulpino/sw/build/CMakeFiles/CMakeTmp'
Building CXX object CMakeFiles/cmTC_af2c3.dir/feature_tests.cxx.o
/opt/riscv/bin/riscv32-unknown-elf-c++    -std=c++14 -o CMakeFiles/cmTC_af2c3.dir/feature_tests.cxx.o -c /media/sf_Shared/pulpino/sw/build/CMakeFiles/feature_tests.cxx
Linking CXX executable cmTC_af2c3
/usr/bin/cmake -E cmake_link_script CMakeFiles/cmTC_af2c3.dir/link.txt --verbose=1
/opt/riscv/bin/riscv32-unknown-elf-c++       CMakeFiles/cmTC_af2c3.dir/feature_tests.cxx.o  -o cmTC_af2c3 
make[1]: Leaving directory '/media/sf_Shared/pulpino/sw/build/CMakeFiles/CMakeTmp'


    Feature record: CXX_FEATURE:1cxx_aggregate_default_initializers
    Feature record: CXX_FEATURE:1cxx_alias_templates
    Feature record: CXX_FEATURE:1cxx_alignas
    Feature record: CXX_FEATURE:1cxx_alignof
    Feature record: CXX_FEATURE:1cxx_attributes
    Feature record: CXX_FEATURE:1cxx_attribute_deprecated
    Feature record: CXX_FEATURE:1cxx_auto_type
    Feature record: CXX_FEATURE:1cxx_binary_literals
    Feature record: CXX_FEATURE:1cxx_constexpr
    Feature record: CXX_FEATURE:1cxx_contextual_conversions
    Feature record: CXX_FEATURE:1cxx_decltype
    Feature record: CXX_FEATURE:1cxx_decltype_auto
    Feature record: CXX_FEATURE:1cxx_decltype_incomplete_return_types
    Feature record: CXX_FEATURE:1cxx_default_function_template_args
    Feature record: CXX_FEATURE:1cxx_defaulted_functions
    Feature record: CXX_FEATURE:1cxx_defaulted_move_initializers
    Feature record: CXX_FEATURE:1cxx_delegating_constructors
    Feature record: CXX_FEATURE:1cxx_deleted_functions
    Feature record: CXX_FEATURE:1cxx_digit_separators
    Feature record: CXX_FEATURE:1cxx_enum_forward_declarations
    Feature record: CXX_FEATURE:1cxx_explicit_conversions
    Feature record: CXX_FEATURE:1cxx_extended_friend_declarations
    Feature record: CXX_FEATURE:1cxx_extern_templates
    Feature record: CXX_FEATURE:1cxx_final
    Feature record: CXX_FEATURE:1cxx_func_identifier
    Feature record: CXX_FEATURE:1cxx_generalized_initializers
    Feature record: CXX_FEATURE:1cxx_generic_lambdas
    Feature record: CXX_FEATURE:1cxx_inheriting_constructors
    Feature record: CXX_FEATURE:1cxx_inline_namespaces
    Feature record: CXX_FEATURE:1cxx_lambdas
    Feature record: CXX_FEATURE:1cxx_lambda_init_captures
    Feature record: CXX_FEATURE:1cxx_local_type_template_args
    Feature record: CXX_FEATURE:1cxx_long_long_type
    Feature record: CXX_FEATURE:1cxx_noexcept
    Feature record: CXX_FEATURE:1cxx_nonstatic_member_init
    Feature record: CXX_FEATURE:1cxx_nullptr
    Feature record: CXX_FEATURE:1cxx_override
    Feature record: CXX_FEATURE:1cxx_range_for
    Feature record: CXX_FEATURE:1cxx_raw_string_literals
    Feature record: CXX_FEATURE:1cxx_reference_qualified_functions
    Feature record: CXX_FEATURE:1cxx_relaxed_constexpr
    Feature record: CXX_FEATURE:1cxx_return_type_deduction
    Feature record: CXX_FEATURE:1cxx_right_angle_brackets
    Feature record: CXX_FEATURE:1cxx_rvalue_references
    Feature record: CXX_FEATURE:1cxx_sizeof_member
    Feature record: CXX_FEATURE:1cxx_static_assert
    Feature record: CXX_FEATURE:1cxx_strong_enums
    Feature record: CXX_FEATURE:1cxx_template_template_parameters
    Feature record: CXX_FEATURE:1cxx_thread_local
    Feature record: CXX_FEATURE:1cxx_trailing_return_types
    Feature record: CXX_FEATURE:1cxx_unicode_literals
    Feature record: CXX_FEATURE:1cxx_uniform_initialization
    Feature record: CXX_FEATURE:1cxx_unrestricted_unions
    Feature record: CXX_FEATURE:1cxx_user_literals
    Feature record: CXX_FEATURE:1cxx_variable_templates
    Feature record: CXX_FEATURE:1cxx_variadic_macros
    Feature record: CXX_FEATURE:1cxx_variadic_templates


Detecting CXX [-std=c++11] compiler features compiled with the following output:
Change Dir: /media/sf_Shared/pulpino/sw/build/CMakeFiles/CMakeTmp

Run Build Command:"/usr/bin/make" "cmTC_eb0c9/fast"
/usr/bin/make -f CMakeFiles/cmTC_eb0c9.dir/build.make CMakeFiles/cmTC_eb0c9.dir/build
make[1]: Entering directory '/media/sf_Shared/pulpino/sw/build/CMakeFiles/CMakeTmp'
Building CXX object CMakeFiles/cmTC_eb0c9.dir/feature_tests.cxx.o
/opt/riscv/bin/riscv32-unknown-elf-c++    -std=c++11 -o CMakeFiles/cmTC_eb0c9.dir/feature_tests.cxx.o -c /media/sf_Shared/pulpino/sw/build/CMakeFiles/feature_tests.cxx
Linking CXX executable cmTC_eb0c9
/usr/bin/cmake -E cmake_link_script CMakeFiles/cmTC_eb0c9.dir/link.txt --verbose=1
/opt/riscv/bin/riscv32-unknown-elf-c++       CMakeFiles/cmTC_eb0c9.dir/feature_tests.cxx.o  -o cmTC_eb0c9 
make[1]: Leaving directory '/media/sf_Shared/pulpino/sw/build/CMakeFiles/CMakeTmp'


    Feature record: CXX_FEATURE:0cxx_aggregate_default_initializers
    Feature record: CXX_FEATURE:1cxx_alias_templates
    Feature record: CXX_FEATURE:1cxx_alignas
    Feature record: CXX_FEATURE:1cxx_alignof
    Feature record: CXX_FEATURE:1cxx_attributes
    Feature record: CXX_FEATURE:0cxx_attribute_deprecated
    Feature record: CXX_FEATURE:1cxx_auto_type
    Feature record: CXX_FEATURE:0cxx_binary_literals
    Feature record: CXX_FEATURE:1cxx_constexpr
    Feature record: CXX_FEATURE:0cxx_contextual_conversions
    Feature record: CXX_FEATURE:1cxx_decltype
    Feature record: CXX_FEATURE:0cxx_decltype_auto
    Feature record: CXX_FEATURE:1cxx_decltype_incomplete_return_types
    Feature record: CXX_FEATURE:1cxx_default_function_template_args
    Feature record: CXX_FEATURE:1cxx_defaulted_functions
    Feature record: CXX_FEATURE:1cxx_defaulted_move_initializers
    Feature record: CXX_FEATURE:1cxx_delegating_constructors
    Feature record: CXX_FEATURE:1cxx_deleted_functions
    Feature record: CXX_FEATURE:0cxx_digit_separators
    Feature record: CXX_FEATURE:1cxx_enum_forward_declarations
    Feature record: CXX_FEATURE:1cxx_explicit_conversions
    Feature record: CXX_FEATURE:1cxx_extended_friend_declarations
    Feature record: CXX_FEATURE:1cxx_extern_templates
    Feature record: CXX_FEATURE:1cxx_final
    Feature record: CXX_FEATURE:1cxx_func_identifier
    Feature record: CXX_FEATURE:1cxx_generalized_initializers
    Feature record: CXX_FEATURE:0cxx_generic_lambdas
    Feature record: CXX_FEATURE:1cxx_inheriting_constructors
    Feature record: CXX_FEATURE:1cxx_inline_namespaces
    Feature record: CXX_FEATURE:1cxx_lambdas
    Feature record: CXX_FEATURE:0cxx_lambda_init_captures
    Feature record: CXX_FEATURE:1cxx_local_type_template_args
    Feature record: CXX_FEATURE:1cxx_long_long_type
    Feature record: CXX_FEATURE:1cxx_noexcept
    Feature record: CXX_FEATURE:1cxx_nonstatic_member_init
    Feature record: CXX_FEATURE:1cxx_nullptr
    Feature record: CXX_FEATURE:1cxx_override
    Feature record: CXX_FEATURE:1cxx_range_for
    Feature record: CXX_FEATURE:1cxx_raw_string_literals
    Feature record: CXX_FEATURE:1cxx_reference_qualified_functions
    Feature record: CXX_FEATURE:0cxx_relaxed_constexpr
    Feature record: CXX_FEATURE:0cxx_return_type_deduction
    Feature record: CXX_FEATURE:1cxx_right_angle_brackets
    Feature record: CXX_FEATURE:1cxx_rvalue_references
    Feature record: CXX_FEATURE:1cxx_sizeof_member
    Feature record: CXX_FEATURE:1cxx_static_assert
    Feature record: CXX_FEATURE:1cxx_strong_enums
    Feature record: CXX_FEATURE:1cxx_template_template_parameters
    Feature record: CXX_FEATURE:1cxx_thread_local
    Feature record: CXX_FEATURE:1cxx_trailing_return_types
    Feature record: CXX_FEATURE:1cxx_unicode_literals
    Feature record: CXX_FEATURE:1cxx_uniform_initialization
    Feature record: CXX_FEATURE:1cxx_unrestricted_unions
    Feature record: CXX_FEATURE:1cxx_user_literals
    Feature record: CXX_FEATURE:0cxx_variable_templates
    Feature record: CXX_FEATURE:1cxx_variadic_macros
    Feature record: CXX_FEATURE:1cxx_variadic_templates


Detecting CXX [-std=c++98] compiler features compiled with the following output:
Change Dir: /media/sf_Shared/pulpino/sw/build/CMakeFiles/CMakeTmp

Run Build Command:"/usr/bin/make" "cmTC_2f2aa/fast"
/usr/bin/make -f CMakeFiles/cmTC_2f2aa.dir/build.make CMakeFiles/cmTC_2f2aa.dir/build
make[1]: Entering directory '/media/sf_Shared/pulpino/sw/build/CMakeFiles/CMakeTmp'
Building CXX object CMakeFiles/cmTC_2f2aa.dir/feature_tests.cxx.o
/opt/riscv/bin/riscv32-unknown-elf-c++    -std=c++98 -o CMakeFiles/cmTC_2f2aa.dir/feature_tests.cxx.o -c /media/sf_Shared/pulpino/sw/build/CMakeFiles/feature_tests.cxx
Linking CXX executable cmTC_2f2aa
/usr/bin/cmake -E cmake_link_script CMakeFiles/cmTC_2f2aa.dir/link.txt --verbose=1
/opt/riscv/bin/riscv32-unknown-elf-c++       CMakeFiles/cmTC_2f2aa.dir/feature_tests.cxx.o  -o cmTC_2f2aa 
make[1]: Leaving directory '/media/sf_Shared/pulpino/sw/build/CMakeFiles/CMakeTmp'


    Feature record: CXX_FEATURE:0cxx_aggregate_default_initializers
    Feature record: CXX_FEATURE:0cxx_alias_templates
    Feature record: CXX_FEATURE:0cxx_alignas
    Feature record: CXX_FEATURE:0cxx_alignof
    Feature record: CXX_FEATURE:0cxx_attributes
    Feature record: CXX_FEATURE:0cxx_attribute_deprecated
    Feature record: CXX_FEATURE:0cxx_auto_type
    Feature record: CXX_FEATURE:0cxx_binary_literals
    Feature record: CXX_FEATURE:0cxx_constexpr
    Feature record: CXX_FEATURE:0cxx_contextual_conversions
    Feature record: CXX_FEATURE:0cxx_decltype
    Feature record: CXX_FEATURE:0cxx_decltype_auto
    Feature record: CXX_FEATURE:0cxx_decltype_incomplete_return_types
    Feature record: CXX_FEATURE:0cxx_default_function_template_args
    Feature record: CXX_FEATURE:0cxx_defaulted_functions
    Feature record: CXX_FEATURE:0cxx_defaulted_move_initializers
    Feature record: CXX_FEATURE:0cxx_delegating_constructors
    Feature record: CXX_FEATURE:0cxx_deleted_functions
    Feature record: CXX_FEATURE:0cxx_digit_separators
    Feature record: CXX_FEATURE:0cxx_enum_forward_declarations
    Feature record: CXX_FEATURE:0cxx_explicit_conversions
    Feature record: CXX_FEATURE:0cxx_extended_friend_declarations
    Feature record: CXX_FEATURE:0cxx_extern_templates
    Feature record: CXX_FEATURE:0cxx_final
    Feature record: CXX_FEATURE:0cxx_func_identifier
    Feature record: CXX_FEATURE:0cxx_generalized_initializers
    Feature record: CXX_FEATURE:0cxx_generic_lambdas
    Feature record: CXX_FEATURE:0cxx_inheriting_constructors
    Feature record: CXX_FEATURE:0cxx_inline_namespaces
    Feature record: CXX_FEATURE:0cxx_lambdas
    Feature record: CXX_FEATURE:0cxx_lambda_init_captures
    Feature record: CXX_FEATURE:0cxx_local_type_template_args
    Feature record: CXX_FEATURE:0cxx_long_long_type
    Feature record: CXX_FEATURE:0cxx_noexcept
    Feature record: CXX_FEATURE:0cxx_nonstatic_member_init
    Feature record: CXX_FEATURE:0cxx_nullptr
    Feature record: CXX_FEATURE:0cxx_override
    Feature record: CXX_FEATURE:0cxx_range_for
    Feature record: CXX_FEATURE:0cxx_raw_string_literals
    Feature record: CXX_FEATURE:0cxx_reference_qualified_functions
    Feature record: CXX_FEATURE:0cxx_relaxed_constexpr
    Feature record: CXX_FEATURE:0cxx_return_type_deduction
    Feature record: CXX_FEATURE:0cxx_right_angle_brackets
    Feature record: CXX_FEATURE:0cxx_rvalue_references
    Feature record: CXX_FEATURE:0cxx_sizeof_member
    Feature record: CXX_FEATURE:0cxx_static_assert
    Feature record: CXX_FEATURE:0cxx_strong_enums
    Feature record: CXX_FEATURE:1cxx_template_template_parameters
    Feature record: CXX_FEATURE:0cxx_thread_local
    Feature record: CXX_FEATURE:0cxx_trailing_return_types
    Feature record: CXX_FEATURE:0cxx_unicode_literals
    Feature record: CXX_FEATURE:0cxx_uniform_initialization
    Feature record: CXX_FEATURE:0cxx_unrestricted_unions
    Feature record: CXX_FEATURE:0cxx_user_literals
    Feature record: CXX_FEATURE:0cxx_variable_templates
    Feature record: CXX_FEATURE:0cxx_variadic_macros
    Feature record: CXX_FEATURE:0cxx_variadic_templates
