Compiling the C compiler identification source file "CMakeCCompilerId.c" failed.
Compiler: /opt/riscv/bin/riscv32-unknown-elf-gcc 
Build flags: -O3;-g;#
Id flags:  

The output was:
1
riscv32-unknown-elf-gcc: error: #: No such file or directory


Compiling the C compiler identification source file "CMakeCCompilerId.c" failed.
Compiler: /opt/riscv/bin/riscv32-unknown-elf-gcc 
Build flags: -O3;-g;#
Id flags: -c 

The output was:
1
riscv32-unknown-elf-gcc: error: #: No such file or directory


Compiling the C compiler identification source file "CMakeCCompilerId.c" failed.
Compiler: /opt/riscv/bin/riscv32-unknown-elf-gcc 
Build flags: -O3;-g;#
Id flags: -Aa 

The output was:
1
riscv32-unknown-elf-gcc: error: #: No such file or directory


Compiling the C compiler identification source file "CMakeCCompilerId.c" failed.
Compiler: /opt/riscv/bin/riscv32-unknown-elf-gcc 
Build flags: -O3;-g;#
Id flags: -D__CLASSIC_C__ 

The output was:
1
riscv32-unknown-elf-gcc: error: #: No such file or directory


Determining if the C compiler works failed with the following output:
Change Dir: /media/sf_Shared/pulpino/sw/build/CMakeFiles/CMakeTmp

Run Build Command:"/usr/bin/make" "cmTC_f7fff/fast"
/usr/bin/make -f CMakeFiles/cmTC_f7fff.dir/build.make CMakeFiles/cmTC_f7fff.dir/build
make[1]: Entering directory '/media/sf_Shared/pulpino/sw/build/CMakeFiles/CMakeTmp'
Building C object CMakeFiles/cmTC_f7fff.dir/testCCompiler.c.o
/opt/riscv/bin/riscv32-unknown-elf-gcc   -O3 -g #    -o CMakeFiles/cmTC_f7fff.dir/testCCompiler.c.o   -c /media/sf_Shared/pulpino/sw/build/CMakeFiles/CMakeTmp/testCCompiler.c
riscv32-unknown-elf-gcc: fatal error: no input files
compilation terminated.
CMakeFiles/cmTC_f7fff.dir/build.make:65: recipe for target 'CMakeFiles/cmTC_f7fff.dir/testCCompiler.c.o' failed
make[1]: *** [CMakeFiles/cmTC_f7fff.dir/testCCompiler.c.o] Error 1
make[1]: Leaving directory '/media/sf_Shared/pulpino/sw/build/CMakeFiles/CMakeTmp'
Makefile:126: recipe for target 'cmTC_f7fff/fast' failed
make: *** [cmTC_f7fff/fast] Error 2


